c:\users\jcjul\desktop\repositorios github\ship-game\chapter02\release\vc142.pdb
c:\users\jcjul\desktop\repositorios github\ship-game\chapter02\release\spritecomponent.obj
c:\users\jcjul\desktop\repositorios github\ship-game\chapter02\release\ship.obj
c:\users\jcjul\desktop\repositorios github\ship-game\chapter02\release\math.obj
c:\users\jcjul\desktop\repositorios github\ship-game\chapter02\release\main.obj
c:\users\jcjul\desktop\repositorios github\ship-game\chapter02\release\game.obj
c:\users\jcjul\desktop\repositorios github\ship-game\chapter02\release\enemy.obj
c:\users\jcjul\desktop\repositorios github\ship-game\chapter02\release\component.obj
c:\users\jcjul\desktop\repositorios github\ship-game\chapter02\release\bgspritecomponent.obj
c:\users\jcjul\desktop\repositorios github\ship-game\chapter02\release\animspritecomponent.obj
c:\users\jcjul\desktop\repositorios github\ship-game\chapter02\release\actor.obj
c:\users\jcjul\desktop\repositorios github\ship-game\chapter02\release\laser.obj
c:\users\jcjul\desktop\repositorios github\ship-game\chapter02\release\heart.obj
c:\users\jcjul\desktop\repositorios github\ship-game\chapter02\release\game.ipdb
c:\users\jcjul\desktop\repositorios github\ship-game\chapter02\release\game.iobj
c:\users\jcjul\desktop\repositorios github\ship-game\chapter02\release\game.exe
c:\users\jcjul\desktop\repositorios github\ship-game\chapter02\release\game.pdb
c:\users\jcjul\desktop\repositorios github\ship-game\chapter02\release\game.tlog\cl.command.1.tlog
c:\users\jcjul\desktop\repositorios github\ship-game\chapter02\release\game.tlog\cl.read.1.tlog
c:\users\jcjul\desktop\repositorios github\ship-game\chapter02\release\game.tlog\cl.write.1.tlog
c:\users\jcjul\desktop\repositorios github\ship-game\chapter02\release\game.tlog\game.write.1u.tlog
c:\users\jcjul\desktop\repositorios github\ship-game\chapter02\release\game.tlog\link.command.1.tlog
c:\users\jcjul\desktop\repositorios github\ship-game\chapter02\release\game.tlog\link.read.1.tlog
c:\users\jcjul\desktop\repositorios github\ship-game\chapter02\release\game.tlog\link.write.1.tlog
